# JRE version: Java(TM) SE Runtime Environment (8.0_91-b14) (build 1.8.0_91-b14)
# Java VM: Java HotSpot(TM) 64-Bit Server VM (25.91-b14 mixed mode windows-amd64 compressed oops)
Heap:
 PSYoungGen      total 225280K, used 168487K [0x00000000d6100000, 0x00000000e4e80000, 0x0000000100000000)
  eden space 212992K, 79% used [0x00000000d6100000,0x00000000e0589ef0,0x00000000e3100000)
  from space 12288K, 0% used [0x00000000e4280000,0x00000000e4280000,0x00000000e4e80000)
  to   space 14336K, 0% used [0x00000000e3280000,0x00000000e3280000,0x00000000e4080000)
 ParOldGen       total 90624K, used 22367K [0x0000000082200000, 0x0000000087a80000, 0x00000000d6100000)
  object space 90624K, 24% used [0x0000000082200000,0x00000000837d7ef8,0x0000000087a80000)
 Metaspace       used 47081K, capacity 47530K, committed 47912K, reserved 1091584K
  class space    used 6014K, capacity 6140K, committed 6184K, reserved 1048576K
GC Heap History (10 events):
Event: 3.314 GC heap before
{Heap before GC invocations=6 (full 0):
 PSYoungGen      total 70656K, used 10911K [0x00000000d6100000, 0x00000000df800000, 0x0000000100000000)
  eden space 65536K, 8% used [0x00000000d6100000,0x00000000d66ac098,0x00000000da100000)
  from space 5120K, 99% used [0x00000000da100000,0x00000000da5fbe20,0x00000000da600000)
  to   space 11776K, 0% used [0x00000000dec80000,0x00000000dec80000,0x00000000df800000)
 ParOldGen       total 86016K, used 18701K [0x0000000082200000, 0x0000000087600000, 0x00000000d6100000)
  object space 86016K, 21% used [0x0000000082200000,0x0000000083443580,0x0000000087600000)
 Metaspace       used 20971K, capacity 21118K, committed 21296K, reserved 1069056K
  class space    used 2625K, capacity 2652K, committed 2688K, reserved 1048576K
Event: 3.327 GC heap after
Heap after GC invocations=6 (full 0):
 PSYoungGen      total 142336K, used 5615K [0x00000000d6100000, 0x00000000df900000, 0x0000000100000000)
  eden space 130560K, 0% used [0x00000000d6100000,0x00000000d6100000,0x00000000de080000)
  from space 11776K, 47% used [0x00000000dec80000,0x00000000df1fbd18,0x00000000df800000)
  to   space 12288K, 0% used [0x00000000de080000,0x00000000de080000,0x00000000dec80000)
 ParOldGen       total 86016K, used 18709K [0x0000000082200000, 0x0000000087600000, 0x00000000d6100000)
  object space 86016K, 21% used [0x0000000082200000,0x0000000083445580,0x0000000087600000)
 Metaspace       used 20971K, capacity 21118K, committed 21296K, reserved 1069056K
  class space    used 2625K, capacity 2652K, committed 2688K, reserved 1048576K
}
Event: 3.327 GC heap before
{Heap before GC invocations=7 (full 1):
 PSYoungGen      total 142336K, used 5615K [0x00000000d6100000, 0x00000000df900000, 0x0000000100000000)
  eden space 130560K, 0% used [0x00000000d6100000,0x00000000d6100000,0x00000000de080000)
  from space 11776K, 47% used [0x00000000dec80000,0x00000000df1fbd18,0x00000000df800000)
  to   space 12288K, 0% used [0x00000000de080000,0x00000000de080000,0x00000000dec80000)
 ParOldGen       total 86016K, used 18709K [0x0000000082200000, 0x0000000087600000, 0x00000000d6100000)
  object space 86016K, 21% used [0x0000000082200000,0x0000000083445580,0x0000000087600000)
 Metaspace       used 20971K, capacity 21118K, committed 21296K, reserved 1069056K
  class space    used 2625K, capacity 2652K, committed 2688K, reserved 1048576K
Event: 3.379 GC heap after
Heap after GC invocations=7 (full 1):
 PSYoungGen      total 142336K, used 0K [0x00000000d6100000, 0x00000000df900000, 0x0000000100000000)
  eden space 130560K, 0% used [0x00000000d6100000,0x00000000d6100000,0x00000000de080000)
  from space 11776K, 0% used [0x00000000dec80000,0x00000000dec80000,0x00000000df800000)
  to   space 12288K, 0% used [0x00000000de080000,0x00000000de080000,0x00000000dec80000)
 ParOldGen       total 58880K, used 9624K [0x0000000082200000, 0x0000000085b80000, 0x00000000d6100000)
  object space 58880K, 16% used [0x0000000082200000,0x0000000082b66220,0x0000000085b80000)
 Metaspace       used 20971K, capacity 21118K, committed 21296K, reserved 1069056K
  class space    used 2625K, capacity 2652K, committed 2688K, reserved 1048576K
}
Event: 5.621 GC heap before
{Heap before GC invocations=8 (full 1):
 PSYoungGen      total 142336K, used 130560K [0x00000000d6100000, 0x00000000df900000, 0x0000000100000000)
  eden space 130560K, 100% used [0x00000000d6100000,0x00000000de080000,0x00000000de080000)
  from space 11776K, 0% used [0x00000000dec80000,0x00000000dec80000,0x00000000df800000)
  to   space 12288K, 0% used [0x00000000de080000,0x00000000de080000,0x00000000dec80000)
 ParOldGen       total 58880K, used 9624K [0x0000000082200000, 0x0000000085b80000, 0x00000000d6100000)
  object space 58880K, 16% used [0x0000000082200000,0x0000000082b66220,0x0000000085b80000)
 Metaspace       used 27207K, capacity 27424K, committed 27776K, reserved 1073152K
  class space    used 3364K, capacity 3399K, committed 3456K, reserved 1048576K
Event: 5.638 GC heap after
Heap after GC invocations=8 (full 1):
 PSYoungGen      total 142848K, used 9678K [0x00000000d6100000, 0x00000000e4e80000, 0x0000000100000000)
  eden space 130560K, 0% used [0x00000000d6100000,0x00000000d6100000,0x00000000de080000)
  from space 12288K, 78% used [0x00000000de080000,0x00000000de9f3b60,0x00000000dec80000)
  to   space 12288K, 0% used [0x00000000e4280000,0x00000000e4280000,0x00000000e4e80000)
 ParOldGen       total 58880K, used 9632K [0x0000000082200000, 0x0000000085b80000, 0x00000000d6100000)
  object space 58880K, 16% used [0x0000000082200000,0x0000000082b68220,0x0000000085b80000)
 Metaspace       used 27207K, capacity 27424K, committed 27776K, reserved 1073152K
  class space    used 3364K, capacity 3399K, committed 3456K, reserved 1048576K
}
Event: 6.932 GC heap before
{Heap before GC invocations=9 (full 1):
 PSYoungGen      total 142848K, used 80144K [0x00000000d6100000, 0x00000000e4e80000, 0x0000000100000000)
  eden space 130560K, 53% used [0x00000000d6100000,0x00000000da5d0848,0x00000000de080000)
  from space 12288K, 78% used [0x00000000de080000,0x00000000de9f3b60,0x00000000dec80000)
  to   space 12288K, 0% used [0x00000000e4280000,0x00000000e4280000,0x00000000e4e80000)
 ParOldGen       total 58880K, used 9632K [0x0000000082200000, 0x0000000085b80000, 0x00000000d6100000)
  object space 58880K, 16% used [0x0000000082200000,0x0000000082b68220,0x0000000085b80000)
 Metaspace       used 34979K, capacity 35258K, committed 35496K, reserved 1081344K
  class space    used 4398K, capacity 4490K, committed 4520K, reserved 1048576K
Event: 6.945 GC heap after
Heap after GC invocations=9 (full 1):
 PSYoungGen      total 225280K, used 12277K [0x00000000d6100000, 0x00000000e4e80000, 0x0000000100000000)
  eden space 212992K, 0% used [0x00000000d6100000,0x00000000d6100000,0x00000000e3100000)
  from space 12288K, 99% used [0x00000000e4280000,0x00000000e4e7d588,0x00000000e4e80000)
  to   space 14336K, 0% used [0x00000000e3280000,0x00000000e3280000,0x00000000e4080000)
 ParOldGen       total 58880K, used 11264K [0x0000000082200000, 0x0000000085b80000, 0x00000000d6100000)
  object space 58880K, 19% used [0x0000000082200000,0x0000000082d00150,0x0000000085b80000)
 Metaspace       used 34979K, capacity 35258K, committed 35496K, reserved 1081344K
  class space    used 4398K, capacity 4490K, committed 4520K, reserved 1048576K
}
Event: 6.946 GC heap before
{Heap before GC invocations=10 (full 2):
 PSYoungGen      total 225280K, used 12277K [0x00000000d6100000, 0x00000000e4e80000, 0x0000000100000000)
  eden space 212992K, 0% used [0x00000000d6100000,0x00000000d6100000,0x00000000e3100000)
  from space 12288K, 99% used [0x00000000e4280000,0x00000000e4e7d588,0x00000000e4e80000)
  to   space 14336K, 0% used [0x00000000e3280000,0x00000000e3280000,0x00000000e4080000)
 ParOldGen       total 58880K, used 11264K [0x0000000082200000, 0x0000000085b80000, 0x00000000d6100000)
  object space 58880K, 19% used [0x0000000082200000,0x0000000082d00150,0x0000000085b80000)
 Metaspace       used 34979K, capacity 35258K, committed 35496K, reserved 1081344K
  class space    used 4398K, capacity 4490K, committed 4520K, reserved 1048576K
Event: 7.051 GC heap after
Heap after GC invocations=10 (full 2):
 PSYoungGen      total 225280K, used 0K [0x00000000d6100000, 0x00000000e4e80000, 0x0000000100000000)
  eden space 212992K, 0% used [0x00000000d6100000,0x00000000d6100000,0x00000000e3100000)
  from space 12288K, 0% used [0x00000000e4280000,0x00000000e4280000,0x00000000e4e80000)
  to   space 14336K, 0% used [0x00000000e3280000,0x00000000e3280000,0x00000000e4080000)
 ParOldGen       total 90624K, used 22367K [0x0000000082200000, 0x0000000087a80000, 0x00000000d6100000)
  object space 90624K, 24% used [0x0000000082200000,0x00000000837d7ef8,0x0000000087a80000)
 Metaspace       used 34979K, capacity 35258K, committed 35496K, reserved 1081344K
  class space    used 4398K, capacity 4490K, committed 4520K, reserved 1048576K
}

